<?xml version="1.0" encoding="UTF-8"?>
<testng-results skipped="0" failed="0" total="0" passed="0">
  <reporter-output>
  </reporter-output>
  <suite name="Default suite" duration-ms="6" started-at="2020-06-21T16:58:28Z" finished-at="2020-06-21T16:58:28Z">
    <groups>
    </groups>
    <test name="Default test" duration-ms="6" started-at="2020-06-21T16:58:28Z" finished-at="2020-06-21T16:58:28Z">
      <class name="com.uniqlo.Assignment1.Test.TC_08_LoginAustria">
        <test-method status="PASS" signature="reportsetup()[pri:0, instance:com.uniqlo.Assignment1.Test.TC_08_LoginAustria@1a2befb]" name="reportsetup" is-config="true" duration-ms="207" started-at="2020-06-21T22:28:28Z" finished-at="2020-06-21T22:28:28Z">
          <reporter-output>
          </reporter-output>
        </test-method> <!-- reportsetup -->
        <test-method status="PASS" signature="flush()[pri:0, instance:com.uniqlo.Assignment1.Test.TC_08_LoginAustria@1a2befb]" name="flush" is-config="true" duration-ms="7" started-at="2020-06-21T22:28:28Z" finished-at="2020-06-21T22:28:28Z">
          <reporter-output>
          </reporter-output>
        </test-method> <!-- flush -->
      </class> <!-- com.uniqlo.Assignment1.Test.TC_08_LoginAustria -->
    </test> <!-- Default test -->
  </suite> <!-- Default suite -->
</testng-results>
